{"level":"info","message":"Completed logging startup successfully.","timestamp":"2019-04-28T18:13:02.749Z"}
{"date":"Sun Apr 28 2019 14:13:02 GMT-0400 (Eastern Daylight Time)","process":{"pid":11324,"uid":504,"gid":20,"cwd":"/Users/Todd/Desktop/tutorials/node-course/vidly","execPath":"/usr/local/bin/node","version":"v11.7.0","argv":["/usr/local/bin/node","/Users/Todd/Desktop/tutorials/node-course/vidly/index.js"],"memoryUsage":{"rss":44683264,"heapTotal":22757376,"heapUsed":11425456,"external":17850515}},"os":{"loadavg":[2.4169921875,2.5205078125,2.3515625],"uptime":578679},"trace":[{"column":9,"file":"/Users/Todd/Desktop/tutorials/node-course/vidly/startup/config.js","function":"module.exports","line":7,"method":"exports","native":false},{"column":28,"file":"/Users/Todd/Desktop/tutorials/node-course/vidly/index.js","function":null,"line":7,"method":null,"native":false},{"column":30,"file":"internal/modules/cjs/loader.js","function":"Module._compile","line":721,"method":"_compile","native":false},{"column":10,"file":"internal/modules/cjs/loader.js","function":"Module._extensions..js","line":732,"method":".js","native":false},{"column":32,"file":"internal/modules/cjs/loader.js","function":"Module.load","line":620,"method":"load","native":false},{"column":12,"file":"internal/modules/cjs/loader.js","function":"tryModuleLoad","line":560,"method":null,"native":false},{"column":3,"file":"internal/modules/cjs/loader.js","function":"Module._load","line":552,"method":"_load","native":false},{"column":12,"file":"internal/modules/cjs/loader.js","function":"Module.runMain","line":774,"method":"runMain","native":false},{"column":15,"file":"internal/bootstrap/node.js","function":"executeUserCode","line":499,"method":null,"native":false},{"column":3,"file":"internal/bootstrap/node.js","function":"startMainThreadExecution","line":436,"method":null,"native":false}],"stack":["Error: FATAL ERROR: jwtPrivateKey is not defined.","    at module.exports (/Users/Todd/Desktop/tutorials/node-course/vidly/startup/config.js:7:9)","    at Object.<anonymous> (/Users/Todd/Desktop/tutorials/node-course/vidly/index.js:7:28)","    at Module._compile (internal/modules/cjs/loader.js:721:30)","    at Object.Module._extensions..js (internal/modules/cjs/loader.js:732:10)","    at Module.load (internal/modules/cjs/loader.js:620:32)","    at tryModuleLoad (internal/modules/cjs/loader.js:560:12)","    at Function.Module._load (internal/modules/cjs/loader.js:552:3)","    at Function.Module.runMain (internal/modules/cjs/loader.js:774:12)","    at executeUserCode (internal/bootstrap/node.js:499:15)","    at startMainThreadExecution (internal/bootstrap/node.js:436:3)"],"level":"error","message":"uncaughtException: FATAL ERROR: jwtPrivateKey is not defined.","timestamp":"2019-04-28T18:13:02.851Z"}
{"level":"info","message":"Completed logging startup successfully.","timestamp":"2019-04-28T18:14:31.976Z"}
{"date":"Sun Apr 28 2019 14:14:32 GMT-0400 (Eastern Daylight Time)","process":{"pid":11339,"uid":504,"gid":20,"cwd":"/Users/Todd/Desktop/tutorials/node-course/vidly","execPath":"/usr/local/bin/node","version":"v11.7.0","argv":["/usr/local/bin/node","/Users/Todd/Desktop/tutorials/node-course/vidly/index.js"],"memoryUsage":{"rss":43143168,"heapTotal":20660224,"heapUsed":10082080,"external":17893286}},"os":{"loadavg":[2.70263671875,2.62353515625,2.40869140625],"uptime":578769},"trace":[{"column":9,"file":"/Users/Todd/Desktop/tutorials/node-course/vidly/startup/config.js","function":"module.exports","line":7,"method":"exports","native":false},{"column":28,"file":"/Users/Todd/Desktop/tutorials/node-course/vidly/index.js","function":null,"line":7,"method":null,"native":false},{"column":30,"file":"internal/modules/cjs/loader.js","function":"Module._compile","line":721,"method":"_compile","native":false},{"column":10,"file":"internal/modules/cjs/loader.js","function":"Module._extensions..js","line":732,"method":".js","native":false},{"column":32,"file":"internal/modules/cjs/loader.js","function":"Module.load","line":620,"method":"load","native":false},{"column":12,"file":"internal/modules/cjs/loader.js","function":"tryModuleLoad","line":560,"method":null,"native":false},{"column":3,"file":"internal/modules/cjs/loader.js","function":"Module._load","line":552,"method":"_load","native":false},{"column":12,"file":"internal/modules/cjs/loader.js","function":"Module.runMain","line":774,"method":"runMain","native":false},{"column":15,"file":"internal/bootstrap/node.js","function":"executeUserCode","line":499,"method":null,"native":false},{"column":3,"file":"internal/bootstrap/node.js","function":"startMainThreadExecution","line":436,"method":null,"native":false}],"stack":["Error: FATAL ERROR: jwtPrivateKey is not defined.","    at module.exports (/Users/Todd/Desktop/tutorials/node-course/vidly/startup/config.js:7:9)","    at Object.<anonymous> (/Users/Todd/Desktop/tutorials/node-course/vidly/index.js:7:28)","    at Module._compile (internal/modules/cjs/loader.js:721:30)","    at Object.Module._extensions..js (internal/modules/cjs/loader.js:732:10)","    at Module.load (internal/modules/cjs/loader.js:620:32)","    at tryModuleLoad (internal/modules/cjs/loader.js:560:12)","    at Function.Module._load (internal/modules/cjs/loader.js:552:3)","    at Function.Module.runMain (internal/modules/cjs/loader.js:774:12)","    at executeUserCode (internal/bootstrap/node.js:499:15)","    at startMainThreadExecution (internal/bootstrap/node.js:436:3)"],"level":"error","message":"uncaughtException: FATAL ERROR: jwtPrivateKey is not defined.","timestamp":"2019-04-28T18:14:32.150Z"}
{"level":"info","message":"Completed logging startup successfully.","timestamp":"2019-04-28T18:18:18.440Z"}
{"date":"Sun Apr 28 2019 14:18:18 GMT-0400 (Eastern Daylight Time)","process":{"pid":11359,"uid":504,"gid":20,"cwd":"/Users/Todd/Desktop/tutorials/node-course/vidly","execPath":"/usr/local/bin/node","version":"v11.7.0","argv":["/usr/local/bin/node","/Users/Todd/Desktop/tutorials/node-course/vidly/index.js"],"memoryUsage":{"rss":44388352,"heapTotal":23281664,"heapUsed":11330672,"external":17850508}},"os":{"loadavg":[2.28271484375,2.5048828125,2.4052734375],"uptime":578995},"trace":[{"column":9,"file":"/Users/Todd/Desktop/tutorials/node-course/vidly/startup/config.js","function":"module.exports","line":7,"method":"exports","native":false},{"column":28,"file":"/Users/Todd/Desktop/tutorials/node-course/vidly/index.js","function":null,"line":7,"method":null,"native":false},{"column":30,"file":"internal/modules/cjs/loader.js","function":"Module._compile","line":721,"method":"_compile","native":false},{"column":10,"file":"internal/modules/cjs/loader.js","function":"Module._extensions..js","line":732,"method":".js","native":false},{"column":32,"file":"internal/modules/cjs/loader.js","function":"Module.load","line":620,"method":"load","native":false},{"column":12,"file":"internal/modules/cjs/loader.js","function":"tryModuleLoad","line":560,"method":null,"native":false},{"column":3,"file":"internal/modules/cjs/loader.js","function":"Module._load","line":552,"method":"_load","native":false},{"column":12,"file":"internal/modules/cjs/loader.js","function":"Module.runMain","line":774,"method":"runMain","native":false},{"column":15,"file":"internal/bootstrap/node.js","function":"executeUserCode","line":499,"method":null,"native":false},{"column":3,"file":"internal/bootstrap/node.js","function":"startMainThreadExecution","line":436,"method":null,"native":false}],"stack":["Error: FATAL ERROR: jwtPrivateKey is not defined.","    at module.exports (/Users/Todd/Desktop/tutorials/node-course/vidly/startup/config.js:7:9)","    at Object.<anonymous> (/Users/Todd/Desktop/tutorials/node-course/vidly/index.js:7:28)","    at Module._compile (internal/modules/cjs/loader.js:721:30)","    at Object.Module._extensions..js (internal/modules/cjs/loader.js:732:10)","    at Module.load (internal/modules/cjs/loader.js:620:32)","    at tryModuleLoad (internal/modules/cjs/loader.js:560:12)","    at Function.Module._load (internal/modules/cjs/loader.js:552:3)","    at Function.Module.runMain (internal/modules/cjs/loader.js:774:12)","    at executeUserCode (internal/bootstrap/node.js:499:15)","    at startMainThreadExecution (internal/bootstrap/node.js:436:3)"],"level":"error","message":"uncaughtException: FATAL ERROR: jwtPrivateKey is not defined.","timestamp":"2019-04-28T18:18:18.603Z"}
{"level":"info","message":"Completed logging startup successfully.","timestamp":"2019-04-28T18:18:33.400Z"}
{"date":"Sun Apr 28 2019 14:18:33 GMT-0400 (Eastern Daylight Time)","process":{"pid":11362,"uid":504,"gid":20,"cwd":"/Users/Todd/Desktop/tutorials/node-course/vidly","execPath":"/usr/local/bin/node","version":"v11.7.0","argv":["/usr/local/bin/node","/Users/Todd/Desktop/tutorials/node-course/vidly/index.js"],"memoryUsage":{"rss":44752896,"heapTotal":23281664,"heapUsed":11494352,"external":17850515}},"os":{"loadavg":[2.1513671875,2.462890625,2.39208984375],"uptime":579010},"trace":[{"column":9,"file":"/Users/Todd/Desktop/tutorials/node-course/vidly/startup/config.js","function":"module.exports","line":7,"method":"exports","native":false},{"column":28,"file":"/Users/Todd/Desktop/tutorials/node-course/vidly/index.js","function":null,"line":7,"method":null,"native":false},{"column":30,"file":"internal/modules/cjs/loader.js","function":"Module._compile","line":721,"method":"_compile","native":false},{"column":10,"file":"internal/modules/cjs/loader.js","function":"Module._extensions..js","line":732,"method":".js","native":false},{"column":32,"file":"internal/modules/cjs/loader.js","function":"Module.load","line":620,"method":"load","native":false},{"column":12,"file":"internal/modules/cjs/loader.js","function":"tryModuleLoad","line":560,"method":null,"native":false},{"column":3,"file":"internal/modules/cjs/loader.js","function":"Module._load","line":552,"method":"_load","native":false},{"column":12,"file":"internal/modules/cjs/loader.js","function":"Module.runMain","line":774,"method":"runMain","native":false},{"column":15,"file":"internal/bootstrap/node.js","function":"executeUserCode","line":499,"method":null,"native":false},{"column":3,"file":"internal/bootstrap/node.js","function":"startMainThreadExecution","line":436,"method":null,"native":false}],"stack":["Error: FATAL ERROR: jwtPrivateKey is not defined.","    at module.exports (/Users/Todd/Desktop/tutorials/node-course/vidly/startup/config.js:7:9)","    at Object.<anonymous> (/Users/Todd/Desktop/tutorials/node-course/vidly/index.js:7:28)","    at Module._compile (internal/modules/cjs/loader.js:721:30)","    at Object.Module._extensions..js (internal/modules/cjs/loader.js:732:10)","    at Module.load (internal/modules/cjs/loader.js:620:32)","    at tryModuleLoad (internal/modules/cjs/loader.js:560:12)","    at Function.Module._load (internal/modules/cjs/loader.js:552:3)","    at Function.Module.runMain (internal/modules/cjs/loader.js:774:12)","    at executeUserCode (internal/bootstrap/node.js:499:15)","    at startMainThreadExecution (internal/bootstrap/node.js:436:3)"],"level":"error","message":"uncaughtException: FATAL ERROR: jwtPrivateKey is not defined.","timestamp":"2019-04-28T18:18:33.415Z"}
{"level":"info","message":"Completed logging startup successfully.","timestamp":"2019-04-28T18:18:43.334Z"}
{"date":"Sun Apr 28 2019 14:18:43 GMT-0400 (Eastern Daylight Time)","process":{"pid":11365,"uid":504,"gid":20,"cwd":"/Users/Todd/Desktop/tutorials/node-course/vidly","execPath":"/usr/local/bin/node","version":"v11.7.0","argv":["/usr/local/bin/node","/Users/Todd/Desktop/tutorials/node-course/vidly/index.js","index.js"],"memoryUsage":{"rss":44773376,"heapTotal":23281664,"heapUsed":11372912,"external":17850515}},"os":{"loadavg":[2.13427734375,2.44775390625,2.38720703125],"uptime":579020},"trace":[{"column":9,"file":"/Users/Todd/Desktop/tutorials/node-course/vidly/startup/config.js","function":"module.exports","line":7,"method":"exports","native":false},{"column":28,"file":"/Users/Todd/Desktop/tutorials/node-course/vidly/index.js","function":null,"line":7,"method":null,"native":false},{"column":30,"file":"internal/modules/cjs/loader.js","function":"Module._compile","line":721,"method":"_compile","native":false},{"column":10,"file":"internal/modules/cjs/loader.js","function":"Module._extensions..js","line":732,"method":".js","native":false},{"column":32,"file":"internal/modules/cjs/loader.js","function":"Module.load","line":620,"method":"load","native":false},{"column":12,"file":"internal/modules/cjs/loader.js","function":"tryModuleLoad","line":560,"method":null,"native":false},{"column":3,"file":"internal/modules/cjs/loader.js","function":"Module._load","line":552,"method":"_load","native":false},{"column":12,"file":"internal/modules/cjs/loader.js","function":"Module.runMain","line":774,"method":"runMain","native":false},{"column":15,"file":"internal/bootstrap/node.js","function":"executeUserCode","line":499,"method":null,"native":false},{"column":3,"file":"internal/bootstrap/node.js","function":"startMainThreadExecution","line":436,"method":null,"native":false}],"stack":["Error: FATAL ERROR: jwtPrivateKey is not defined.","    at module.exports (/Users/Todd/Desktop/tutorials/node-course/vidly/startup/config.js:7:9)","    at Object.<anonymous> (/Users/Todd/Desktop/tutorials/node-course/vidly/index.js:7:28)","    at Module._compile (internal/modules/cjs/loader.js:721:30)","    at Object.Module._extensions..js (internal/modules/cjs/loader.js:732:10)","    at Module.load (internal/modules/cjs/loader.js:620:32)","    at tryModuleLoad (internal/modules/cjs/loader.js:560:12)","    at Function.Module._load (internal/modules/cjs/loader.js:552:3)","    at Function.Module.runMain (internal/modules/cjs/loader.js:774:12)","    at executeUserCode (internal/bootstrap/node.js:499:15)","    at startMainThreadExecution (internal/bootstrap/node.js:436:3)"],"level":"error","message":"uncaughtException: FATAL ERROR: jwtPrivateKey is not defined.","timestamp":"2019-04-28T18:18:43.349Z"}
{"level":"info","message":"Completed logging startup successfully.","timestamp":"2019-04-28T18:22:08.717Z"}
{"level":"info","message":"Completed config startup.","timestamp":"2019-04-28T18:22:08.836Z"}
{"level":"info","message":"Completed startup for routes.","timestamp":"2019-04-28T18:22:18.193Z"}
{"level":"info","message":"Completed started for validation.","timestamp":"2019-04-28T18:22:18.252Z"}
{"level":"info","message":"Completed startup for helmet and compression.","timestamp":"2019-04-28T18:22:18.751Z"}
{"level":"info","message":"Listening on port 5000...","timestamp":"2019-04-28T18:22:18.776Z"}
{"level":"info","message":"Connected to mongodb://localhost/vidly_dev...","timestamp":"2019-04-28T18:22:18.850Z"}
{"level":"info","message":"Completed logging startup successfully.","timestamp":"2019-04-28T18:34:18.566Z"}
{"level":"info","message":"Completed config startup.","timestamp":"2019-04-28T18:34:18.643Z"}
{"level":"info","message":"Completed startup for routes.","timestamp":"2019-04-28T18:34:22.182Z"}
{"level":"info","message":"Completed started for validation.","timestamp":"2019-04-28T18:34:22.307Z"}
{"level":"info","message":"Completed startup for helmet and compression.","timestamp":"2019-04-28T18:34:22.689Z"}
{"level":"info","message":"Listening on port 5000...","timestamp":"2019-04-28T18:34:22.707Z"}
{"level":"info","message":"Connected to mongodb://localhost/vidly_tests...","timestamp":"2019-04-28T18:34:22.806Z"}
{"level":"info","message":"Completed logging startup successfully.","timestamp":"2019-04-28T18:40:12.449Z"}
{"level":"info","message":"Completed config startup.","timestamp":"2019-04-28T18:40:13.229Z"}
{"level":"info","message":"Completed startup for routes.","timestamp":"2019-04-28T18:40:20.905Z"}
{"level":"info","message":"Completed started for validation.","timestamp":"2019-04-28T18:40:21.581Z"}
{"level":"info","message":"Completed startup for helmet and compression.","timestamp":"2019-04-28T18:40:22.345Z"}
{"level":"info","message":"Listening on port 5000...","timestamp":"2019-04-28T18:40:22.354Z"}
{"level":"info","message":"Connected to mongodb://localhost/vidly_tests...","timestamp":"2019-04-28T18:40:22.568Z"}
{"level":"info","message":"Completed logging startup successfully.","timestamp":"2019-04-28T18:40:24.512Z"}
{"level":"info","message":"Completed config startup.","timestamp":"2019-04-28T18:40:24.512Z"}
{"level":"info","message":"Completed startup for routes.","timestamp":"2019-04-28T18:40:24.556Z"}
{"level":"info","message":"Completed started for validation.","timestamp":"2019-04-28T18:40:24.558Z"}
{"level":"info","message":"Completed startup for helmet and compression.","timestamp":"2019-04-28T18:40:24.574Z"}
{"level":"info","message":"Listening on port 5000...","timestamp":"2019-04-28T18:40:24.578Z"}
{"level":"info","message":"Connected to mongodb://localhost/vidly_tests...","timestamp":"2019-04-28T18:40:24.592Z"}
{"level":"info","message":"Completed logging startup successfully.","timestamp":"2019-04-28T18:40:25.808Z"}
{"level":"info","message":"Completed config startup.","timestamp":"2019-04-28T18:40:25.809Z"}
{"level":"info","message":"Completed startup for routes.","timestamp":"2019-04-28T18:40:25.837Z"}
{"level":"info","message":"Completed started for validation.","timestamp":"2019-04-28T18:40:25.839Z"}
{"level":"info","message":"Completed startup for helmet and compression.","timestamp":"2019-04-28T18:40:25.846Z"}
{"level":"info","message":"Listening on port 5000...","timestamp":"2019-04-28T18:40:25.848Z"}
{"level":"info","message":"Connected to mongodb://localhost/vidly_tests...","timestamp":"2019-04-28T18:40:25.871Z"}
{"level":"info","message":"Completed logging startup successfully.","timestamp":"2019-04-28T18:42:03.877Z"}
{"level":"info","message":"Completed config startup.","timestamp":"2019-04-28T18:42:03.881Z"}
{"level":"info","message":"Completed startup for routes.","timestamp":"2019-04-28T18:42:04.621Z"}
{"level":"info","message":"Completed started for validation.","timestamp":"2019-04-28T18:42:04.670Z"}
{"level":"info","message":"Completed startup for helmet and compression.","timestamp":"2019-04-28T18:42:04.941Z"}
{"level":"info","message":"Listening on port 5000...","timestamp":"2019-04-28T18:42:04.952Z"}
{"level":"info","message":"Connected to mongodb://localhost/vidly_tests...","timestamp":"2019-04-28T18:42:04.997Z"}
{"level":"info","message":"Completed logging startup successfully.","timestamp":"2019-04-28T18:42:05.606Z"}
{"level":"info","message":"Completed config startup.","timestamp":"2019-04-28T18:42:05.607Z"}
{"level":"info","message":"Completed startup for routes.","timestamp":"2019-04-28T18:42:05.632Z"}
{"level":"info","message":"Completed started for validation.","timestamp":"2019-04-28T18:42:05.634Z"}
{"level":"info","message":"Completed startup for helmet and compression.","timestamp":"2019-04-28T18:42:05.640Z"}
{"level":"info","message":"Listening on port 5000...","timestamp":"2019-04-28T18:42:05.644Z"}
{"level":"info","message":"Connected to mongodb://localhost/vidly_tests...","timestamp":"2019-04-28T18:42:05.667Z"}
{"level":"info","message":"Completed logging startup successfully.","timestamp":"2019-04-28T18:42:06.104Z"}
{"level":"info","message":"Completed config startup.","timestamp":"2019-04-28T18:42:06.105Z"}
{"level":"info","message":"Completed startup for routes.","timestamp":"2019-04-28T18:42:06.139Z"}
{"level":"info","message":"Completed started for validation.","timestamp":"2019-04-28T18:42:06.141Z"}
{"level":"info","message":"Completed startup for helmet and compression.","timestamp":"2019-04-28T18:42:06.156Z"}
{"level":"info","message":"Listening on port 5000...","timestamp":"2019-04-28T18:42:06.158Z"}
{"level":"info","message":"Connected to mongodb://localhost/vidly_tests...","timestamp":"2019-04-28T18:42:06.170Z"}
{"level":"info","message":"Completed logging startup successfully.","timestamp":"2019-04-29T02:05:04.922Z"}
{"level":"info","message":"Completed config startup.","timestamp":"2019-04-29T02:05:05.063Z"}
{"level":"info","message":"Completed startup for routes.","timestamp":"2019-04-29T02:05:09.435Z"}
{"level":"info","message":"Completed started for validation.","timestamp":"2019-04-29T02:05:09.510Z"}
{"level":"info","message":"Completed startup for helmet and compression.","timestamp":"2019-04-29T02:05:10.090Z"}
{"level":"info","message":"Listening on port 5000...","timestamp":"2019-04-29T02:05:10.110Z"}
{"level":"info","message":"Connected to mongodb://localhost/vidly_tests...","timestamp":"2019-04-29T02:05:10.192Z"}
